<?xml version="1.0" encoding="UTF-8"?>
<testsuite xmlns:xsi="http://www.w3.org/2001/XMLSchema-instance" xsi:noNamespaceSchemaLocation="https://maven.apache.org/surefire/maven-surefire-plugin/xsd/surefire-test-report-3.0.xsd" version="3.0" name="org.example.LanternaZirconMainMenuTest" time="0.019" tests="1" errors="0" skipped="0" failures="0">
  <properties>
    <property name="java.specification.version" value="21"/>
    <property name="sun.cpu.isalist" value="amd64"/>
    <property name="sun.jnu.encoding" value="Cp1252"/>
    <property name="java.class.path" value="C:\Users\K513EA-L11993W\Documents\HAN\Jaar 3\ASD\UserInterfaceASD\target\test-classes;C:\Users\K513EA-L11993W\Documents\HAN\Jaar 3\ASD\UserInterfaceASD\target\classes;C:\Users\K513EA-L11993W\.m2\repository\junit\junit\3.8.1\junit-3.8.1.jar;C:\Users\K513EA-L11993W\.m2\repository\com\googlecode\lanterna\lanterna\3.1.2\lanterna-3.1.2.jar;C:\Users\K513EA-L11993W\.m2\repository\org\hexworks\zircon\zircon.core-jvm\2020.2.0-RELEASE\zircon.core-jvm-2020.2.0-RELEASE.jar;C:\Users\K513EA-L11993W\.m2\repository\org\jetbrains\kotlin\kotlin-reflect\1.4.10\kotlin-reflect-1.4.10.jar;C:\Users\K513EA-L11993W\.m2\repository\org\jetbrains\kotlin\kotlin-stdlib\1.4.10\kotlin-stdlib-1.4.10.jar;C:\Users\K513EA-L11993W\.m2\repository\org\jetbrains\annotations\13.0\annotations-13.0.jar;C:\Users\K513EA-L11993W\.m2\repository\com\github\ben-manes\caffeine\caffeine\2.5.4\caffeine-2.5.4.jar;C:\Users\K513EA-L11993W\.m2\repository\org\yaml\snakeyaml\1.18\snakeyaml-1.18.jar;C:\Users\K513EA-L11993W\.m2\repository\org\jetbrains\kotlin\kotlin-stdlib-jdk8\1.4.10\kotlin-stdlib-jdk8-1.4.10.jar;C:\Users\K513EA-L11993W\.m2\repository\org\jetbrains\kotlin\kotlin-stdlib-jdk7\1.4.10\kotlin-stdlib-jdk7-1.4.10.jar;C:\Users\K513EA-L11993W\.m2\repository\org\jetbrains\kotlinx\kotlinx-coroutines-core-jvm\1.3.9\kotlinx-coroutines-core-jvm-1.3.9.jar;C:\Users\K513EA-L11993W\.m2\repository\org\jetbrains\kotlin\kotlin-stdlib-common\1.4.0\kotlin-stdlib-common-1.4.0.jar;C:\Users\K513EA-L11993W\.m2\repository\org\jetbrains\kotlinx\kotlinx-collections-immutable-jvm\0.3.3\kotlinx-collections-immutable-jvm-0.3.3.jar;C:\Users\K513EA-L11993W\.m2\repository\org\hexworks\cobalt\cobalt.core-jvm\2020.0.19-PREVIEW\cobalt.core-jvm-2020.0.19-PREVIEW.jar;C:\Users\K513EA-L11993W\.m2\repository\ch\qos\logback\logback-classic\1.2.3\logback-classic-1.2.3.jar;C:\Users\K513EA-L11993W\.m2\repository\ch\qos\logback\logback-core\1.2.3\logback-core-1.2.3.jar;C:\Users\K513EA-L11993W\.m2\repository\com\benasher44\uuid-jvm\0.2.2\uuid-jvm-0.2.2.jar;C:\Users\K513EA-L11993W\.m2\repository\org\hexworks\zircon\zircon.jvm.swing\2020.2.0-RELEASE\zircon.jvm.swing-2020.2.0-RELEASE.jar;C:\Users\K513EA-L11993W\.m2\repository\com\jhlabs\filters\2.0.235-1\filters-2.0.235-1.jar;C:\Users\K513EA-L11993W\.m2\repository\org\slf4j\slf4j-api\1.7.30\slf4j-api-1.7.30.jar;"/>
    <property name="java.vm.vendor" value="Oracle Corporation"/>
    <property name="sun.arch.data.model" value="64"/>
    <property name="user.variant" value=""/>
    <property name="java.vendor.url" value="https://java.oracle.com/"/>
    <property name="user.timezone" value="Europe/Amsterdam"/>
    <property name="os.name" value="Windows 11"/>
    <property name="java.vm.specification.version" value="21"/>
    <property name="sun.java.launcher" value="SUN_STANDARD"/>
    <property name="user.country" value="NL"/>
    <property name="sun.boot.library.path" value="C:\Program Files\Java\jdk-21\bin"/>
    <property name="sun.java.command" value="C:\Users\K513EA-L11993W\AppData\Local\Temp\surefire3391357876364280328\surefirebooter-20241121150824248_3.jar C:\Users\K513EA-L11993W\AppData\Local\Temp\surefire3391357876364280328 2024-11-21T15-08-23_991-jvmRun1 surefire-20241121150824248_1tmp surefire_0-20241121150824248_2tmp"/>
    <property name="jdk.debug" value="release"/>
    <property name="surefire.test.class.path" value="C:\Users\K513EA-L11993W\Documents\HAN\Jaar 3\ASD\UserInterfaceASD\target\test-classes;C:\Users\K513EA-L11993W\Documents\HAN\Jaar 3\ASD\UserInterfaceASD\target\classes;C:\Users\K513EA-L11993W\.m2\repository\junit\junit\3.8.1\junit-3.8.1.jar;C:\Users\K513EA-L11993W\.m2\repository\com\googlecode\lanterna\lanterna\3.1.2\lanterna-3.1.2.jar;C:\Users\K513EA-L11993W\.m2\repository\org\hexworks\zircon\zircon.core-jvm\2020.2.0-RELEASE\zircon.core-jvm-2020.2.0-RELEASE.jar;C:\Users\K513EA-L11993W\.m2\repository\org\jetbrains\kotlin\kotlin-reflect\1.4.10\kotlin-reflect-1.4.10.jar;C:\Users\K513EA-L11993W\.m2\repository\org\jetbrains\kotlin\kotlin-stdlib\1.4.10\kotlin-stdlib-1.4.10.jar;C:\Users\K513EA-L11993W\.m2\repository\org\jetbrains\annotations\13.0\annotations-13.0.jar;C:\Users\K513EA-L11993W\.m2\repository\com\github\ben-manes\caffeine\caffeine\2.5.4\caffeine-2.5.4.jar;C:\Users\K513EA-L11993W\.m2\repository\org\yaml\snakeyaml\1.18\snakeyaml-1.18.jar;C:\Users\K513EA-L11993W\.m2\repository\org\jetbrains\kotlin\kotlin-stdlib-jdk8\1.4.10\kotlin-stdlib-jdk8-1.4.10.jar;C:\Users\K513EA-L11993W\.m2\repository\org\jetbrains\kotlin\kotlin-stdlib-jdk7\1.4.10\kotlin-stdlib-jdk7-1.4.10.jar;C:\Users\K513EA-L11993W\.m2\repository\org\jetbrains\kotlinx\kotlinx-coroutines-core-jvm\1.3.9\kotlinx-coroutines-core-jvm-1.3.9.jar;C:\Users\K513EA-L11993W\.m2\repository\org\jetbrains\kotlin\kotlin-stdlib-common\1.4.0\kotlin-stdlib-common-1.4.0.jar;C:\Users\K513EA-L11993W\.m2\repository\org\jetbrains\kotlinx\kotlinx-collections-immutable-jvm\0.3.3\kotlinx-collections-immutable-jvm-0.3.3.jar;C:\Users\K513EA-L11993W\.m2\repository\org\hexworks\cobalt\cobalt.core-jvm\2020.0.19-PREVIEW\cobalt.core-jvm-2020.0.19-PREVIEW.jar;C:\Users\K513EA-L11993W\.m2\repository\ch\qos\logback\logback-classic\1.2.3\logback-classic-1.2.3.jar;C:\Users\K513EA-L11993W\.m2\repository\ch\qos\logback\logback-core\1.2.3\logback-core-1.2.3.jar;C:\Users\K513EA-L11993W\.m2\repository\com\benasher44\uuid-jvm\0.2.2\uuid-jvm-0.2.2.jar;C:\Users\K513EA-L11993W\.m2\repository\org\hexworks\zircon\zircon.jvm.swing\2020.2.0-RELEASE\zircon.jvm.swing-2020.2.0-RELEASE.jar;C:\Users\K513EA-L11993W\.m2\repository\com\jhlabs\filters\2.0.235-1\filters-2.0.235-1.jar;C:\Users\K513EA-L11993W\.m2\repository\org\slf4j\slf4j-api\1.7.30\slf4j-api-1.7.30.jar;"/>
    <property name="sun.cpu.endian" value="little"/>
    <property name="user.home" value="C:\Users\K513EA-L11993W"/>
    <property name="user.language" value="nl"/>
    <property name="java.specification.vendor" value="Oracle Corporation"/>
    <property name="java.version.date" value="2024-07-16"/>
    <property name="java.home" value="C:\Program Files\Java\jdk-21"/>
    <property name="file.separator" value="\"/>
    <property name="basedir" value="C:\Users\K513EA-L11993W\Documents\HAN\Jaar 3\ASD\UserInterfaceASD"/>
    <property name="java.vm.compressedOopsMode" value="Zero based"/>
    <property name="line.separator" value="&#10;"/>
    <property name="java.vm.specification.vendor" value="Oracle Corporation"/>
    <property name="java.specification.name" value="Java Platform API Specification"/>
    <property name="surefire.real.class.path" value="C:\Users\K513EA-L11993W\AppData\Local\Temp\surefire3391357876364280328\surefirebooter-20241121150824248_3.jar"/>
    <property name="user.script" value=""/>
    <property name="sun.management.compiler" value="HotSpot 64-Bit Tiered Compilers"/>
    <property name="java.runtime.version" value="21.0.4+8-LTS-274"/>
    <property name="user.name" value="K513EA-L11993W"/>
    <property name="stdout.encoding" value="Cp1252"/>
    <property name="path.separator" value=";"/>
    <property name="os.version" value="10.0"/>
    <property name="java.runtime.name" value="Java(TM) SE Runtime Environment"/>
    <property name="file.encoding" value="UTF-8"/>
    <property name="java.vm.name" value="Java HotSpot(TM) 64-Bit Server VM"/>
    <property name="localRepository" value="C:\Users\K513EA-L11993W\.m2\repository"/>
    <property name="java.vendor.url.bug" value="https://bugreport.java.com/bugreport/"/>
    <property name="java.io.tmpdir" value="C:\Users\K513EA~1\AppData\Local\Temp\"/>
    <property name="java.version" value="21.0.4"/>
    <property name="user.dir" value="C:\Users\K513EA-L11993W\Documents\HAN\Jaar 3\ASD\UserInterfaceASD"/>
    <property name="os.arch" value="amd64"/>
    <property name="java.vm.specification.name" value="Java Virtual Machine Specification"/>
    <property name="sun.os.patch.level" value=""/>
    <property name="native.encoding" value="Cp1252"/>
    <property name="java.library.path" value="C:\Program Files\Java\jdk-21\bin;C:\WINDOWS\Sun\Java\bin;C:\WINDOWS\system32;C:\WINDOWS;C:\Program Files\Common Files\Oracle\Java\javapath;C:\WINDOWS\system32;C:\WINDOWS;C:\WINDOWS\System32\Wbem;C:\WINDOWS\System32\WindowsPowerShell\v1.0\;C:\WINDOWS\System32\OpenSSH\;C:\Program Files\Git\cmd;C:\Program Files (x86)\Microsoft SQL Server\150\Tools\Binn\;C:\Program Files\Microsoft SQL Server\150\Tools\Binn\;C:\Program Files\Microsoft SQL Server\150\DTS\Binn\;C:\Program Files\Microsoft SQL Server\Client SDK\ODBC\170\Tools\Binn\;C:\Program Files (x86)\Microsoft SQL Server\150\DTS\Binn\;C:\Program Files\Azure Data Studio\bin;C:\Program Files\Docker\Docker\resources\bin;C:\Program Files\nodejs\;C:\Strawberry\c\bin;C:\Strawberry\perl\site\bin;C:\Strawberry\perl\bin;C:\Program Files\Mullvad VPN\resources;C:\Program Files\apache-maven-3.9.6-bin\apache-maven-3.9.6\bin;C:\Users\K513EA-L11993W\AppData\Roaming\local\bin;C:\Program Files\MySQL\MySQL Shell 8.0\bin\;C:\Users\K513EA-L11993W\AppData\Local\Programs\Python\Python312\Scripts\;C:\Users\K513EA-L11993W\AppData\Local\Programs\Python\Python312\;C:\Users\K513EA-L11993W\AppData\Local\activestate\cache\bin;C:\Users\K513EA-L11993W\AppData\Local\ActiveState\StateTool\release\bin;C:\Users\K513EA-L11993W\AppData\Local\Microsoft\WindowsApps;C:\Users\K513EA-L11993W\AppData\Local\Programs\Microsoft VS Code\bin;C:\Users\K513EA-L11993W\AppData\Local\GitHubDesktop\bin;C:\Program Files\Azure Data Studio\bin;C:\Users\K513EA-L11993W\AppData\Roaming\npm;C:\Users\K513EA-L11993W\AppData\Local\JetBrains\Toolbox\scripts;C:\Program Files\apache-maven-3.9.6\bin;C:\dev\flutter\bin;C:\ghcup\bin;."/>
    <property name="java.vm.info" value="mixed mode, sharing"/>
    <property name="stderr.encoding" value="Cp1252"/>
    <property name="java.vendor" value="Oracle Corporation"/>
    <property name="java.vm.version" value="21.0.4+8-LTS-274"/>
    <property name="sun.io.unicode.encoding" value="UnicodeLittle"/>
    <property name="java.class.version" value="65.0"/>
  </properties>
  <testcase name="testApp" classname="org.example.LanternaZirconMainMenuTest" time="0.003"/>
</testsuite>